# JRE version: Java(TM) SE Runtime Environment (17.0.10+11) (build 17.0.10+11-LTS-240)
# Java VM: Java HotSpot(TM) 64-Bit Server VM (17.0.10+11-LTS-240, mixed mode, sharing, tiered, compressed oops, compressed class ptrs, g1 gc, windows-amd64)
GC Precious Log:
 CPUs: 8 total, 8 available
 Memory: 16198M
 Large Page Support: Disabled
 NUMA Support: Disabled
 Compressed Oops: Enabled (32-bit)
 Heap Region Size: 1M
 Heap Min Capacity: 8M
 Heap Initial Capacity: 254M
 Heap Max Capacity: 2G
 Pre-touch: Disabled
 Parallel Workers: 8
 Concurrent Workers: 2
 Concurrent Refinement Workers: 8
 Periodic GC: Disabled
Heap:
 garbage-first heap   total 368640K, used 229293K [0x0000000080000000, 0x0000000100000000)
  region size 1024K, 126 young (129024K), 4 survivors (4096K)
 Metaspace       used 85015K, committed 85888K, reserved 557056K
  class space    used 11799K, committed 12224K, reserved 425984K
GC Heap History (20 events):
Event: 178.461 GC heap before
{Heap before GC invocations=35 (full 0):
 garbage-first heap   total 177152K, used 143341K [0x0000000080000000, 0x0000000100000000)
  region size 1024K, 76 young (77824K), 2 survivors (2048K)
 Metaspace       used 69963K, committed 70720K, reserved 491520K
  class space    used 9938K, committed 10304K, reserved 425984K
}
Event: 178.475 GC heap after
{Heap after GC invocations=36 (full 0):
 garbage-first heap   total 177152K, used 77083K [0x0000000080000000, 0x0000000100000000)
  region size 1024K, 10 young (10240K), 10 survivors (10240K)
 Metaspace       used 69963K, committed 70720K, reserved 491520K
  class space    used 9938K, committed 10304K, reserved 425984K
}
Event: 178.496 GC heap before
{Heap before GC invocations=36 (full 0):
 garbage-first heap   total 177152K, used 78107K [0x0000000080000000, 0x0000000100000000)
  region size 1024K, 11 young (11264K), 10 survivors (10240K)
 Metaspace       used 70071K, committed 70912K, reserved 491520K
  class space    used 9949K, committed 10368K, reserved 425984K
}
Event: 178.507 GC heap after
{Heap after GC invocations=37 (full 0):
 garbage-first heap   total 177152K, used 76753K [0x0000000080000000, 0x0000000100000000)
  region size 1024K, 2 young (2048K), 2 survivors (2048K)
 Metaspace       used 70071K, committed 70912K, reserved 491520K
  class space    used 9949K, committed 10368K, reserved 425984K
}
Event: 196.193 GC heap before
{Heap before GC invocations=37 (full 0):
 garbage-first heap   total 177152K, used 141265K [0x0000000080000000, 0x0000000100000000)
  region size 1024K, 66 young (67584K), 2 survivors (2048K)
 Metaspace       used 71599K, committed 72448K, reserved 491520K
  class space    used 10092K, committed 10496K, reserved 425984K
}
Event: 196.203 GC heap after
{Heap after GC invocations=38 (full 0):
 garbage-first heap   total 177152K, used 83330K [0x0000000080000000, 0x0000000100000000)
  region size 1024K, 8 young (8192K), 8 survivors (8192K)
 Metaspace       used 71599K, committed 72448K, reserved 491520K
  class space    used 10092K, committed 10496K, reserved 425984K
}
Event: 196.913 GC heap before
{Heap before GC invocations=39 (full 0):
 garbage-first heap   total 177152K, used 138941K [0x0000000080000000, 0x0000000100000000)
  region size 1024K, 65 young (66560K), 8 survivors (8192K)
 Metaspace       used 71651K, committed 72512K, reserved 491520K
  class space    used 10092K, committed 10496K, reserved 425984K
}
Event: 196.923 GC heap after
{Heap after GC invocations=40 (full 0):
 garbage-first heap   total 177152K, used 83553K [0x0000000080000000, 0x0000000100000000)
  region size 1024K, 5 young (5120K), 5 survivors (5120K)
 Metaspace       used 71651K, committed 72512K, reserved 491520K
  class space    used 10092K, committed 10496K, reserved 425984K
}
Event: 196.953 GC heap before
{Heap before GC invocations=40 (full 0):
 garbage-first heap   total 177152K, used 86625K [0x0000000080000000, 0x0000000100000000)
  region size 1024K, 8 young (8192K), 5 survivors (5120K)
 Metaspace       used 71651K, committed 72512K, reserved 491520K
  class space    used 10092K, committed 10496K, reserved 425984K
}
Event: 196.960 GC heap after
{Heap after GC invocations=41 (full 0):
 garbage-first heap   total 177152K, used 82775K [0x0000000080000000, 0x0000000100000000)
  region size 1024K, 1 young (1024K), 1 survivors (1024K)
 Metaspace       used 71651K, committed 72512K, reserved 491520K
  class space    used 10092K, committed 10496K, reserved 425984K
}
Event: 197.546 GC heap before
{Heap before GC invocations=41 (full 0):
 garbage-first heap   total 177152K, used 123735K [0x0000000080000000, 0x0000000100000000)
  region size 1024K, 42 young (43008K), 1 survivors (1024K)
 Metaspace       used 71676K, committed 72512K, reserved 491520K
  class space    used 10096K, committed 10496K, reserved 425984K
}
Event: 197.553 GC heap after
{Heap after GC invocations=42 (full 0):
 garbage-first heap   total 177152K, used 85465K [0x0000000080000000, 0x0000000100000000)
  region size 1024K, 4 young (4096K), 4 survivors (4096K)
 Metaspace       used 71676K, committed 72512K, reserved 491520K
  class space    used 10096K, committed 10496K, reserved 425984K
}
Event: 204.355 GC heap before
{Heap before GC invocations=43 (full 0):
 garbage-first heap   total 177152K, used 149977K [0x0000000080000000, 0x0000000100000000)
  region size 1024K, 61 young (62464K), 4 survivors (4096K)
 Metaspace       used 75312K, committed 76160K, reserved 491520K
  class space    used 10503K, committed 10880K, reserved 425984K
}
Event: 204.364 GC heap after
{Heap after GC invocations=44 (full 0):
 garbage-first heap   total 177152K, used 96117K [0x0000000080000000, 0x0000000100000000)
  region size 1024K, 8 young (8192K), 8 survivors (8192K)
 Metaspace       used 75312K, committed 76160K, reserved 491520K
  class space    used 10503K, committed 10880K, reserved 425984K
}
Event: 204.385 GC heap before
{Heap before GC invocations=44 (full 0):
 garbage-first heap   total 177152K, used 97141K [0x0000000080000000, 0x0000000100000000)
  region size 1024K, 9 young (9216K), 8 survivors (8192K)
 Metaspace       used 75433K, committed 76288K, reserved 491520K
  class space    used 10512K, committed 10944K, reserved 425984K
}
Event: 204.392 GC heap after
{Heap after GC invocations=45 (full 0):
 garbage-first heap   total 177152K, used 94836K [0x0000000080000000, 0x0000000100000000)
  region size 1024K, 1 young (1024K), 1 survivors (1024K)
 Metaspace       used 75433K, committed 76288K, reserved 491520K
  class space    used 10512K, committed 10944K, reserved 425984K
}
Event: 206.095 GC heap before
{Heap before GC invocations=45 (full 0):
 garbage-first heap   total 177152K, used 116340K [0x0000000080000000, 0x0000000100000000)
  region size 1024K, 23 young (23552K), 1 survivors (1024K)
 Metaspace       used 77782K, committed 78656K, reserved 557056K
  class space    used 10788K, committed 11200K, reserved 425984K
}
Event: 206.104 GC heap after
{Heap after GC invocations=46 (full 0):
 garbage-first heap   total 434176K, used 96258K [0x0000000080000000, 0x0000000100000000)
  region size 1024K, 3 young (3072K), 3 survivors (3072K)
 Metaspace       used 77782K, committed 78656K, reserved 557056K
  class space    used 10788K, committed 11200K, reserved 425984K
}
Event: 206.141 GC heap before
{Heap before GC invocations=46 (full 0):
 garbage-first heap   total 434176K, used 100354K [0x0000000080000000, 0x0000000100000000)
  region size 1024K, 7 young (7168K), 3 survivors (3072K)
 Metaspace       used 77782K, committed 78656K, reserved 557056K
  class space    used 10788K, committed 11200K, reserved 425984K
}
Event: 206.147 GC heap after
{Heap after GC invocations=47 (full 0):
 garbage-first heap   total 434176K, used 99245K [0x0000000080000000, 0x0000000100000000)
  region size 1024K, 4 young (4096K), 4 survivors (4096K)
 Metaspace       used 77782K, committed 78656K, reserved 557056K
  class space    used 10788K, committed 11200K, reserved 425984K
}

