# JRE version: Java(TM) SE Runtime Environment (17.0.10+11) (build 17.0.10+11-LTS-240)
# Java VM: Java HotSpot(TM) 64-Bit Server VM (17.0.10+11-LTS-240, mixed mode, sharing, tiered, compressed oops, compressed class ptrs, g1 gc, windows-amd64)
GC Precious Log:
 CPUs: 8 total, 8 available
 Memory: 16198M
 Large Page Support: Disabled
 NUMA Support: Disabled
 Compressed Oops: Enabled (32-bit)
 Heap Region Size: 1M
 Heap Min Capacity: 8M
 Heap Initial Capacity: 254M
 Heap Max Capacity: 2G
 Pre-touch: Disabled
 Parallel Workers: 8
 Concurrent Workers: 2
 Concurrent Refinement Workers: 8
 Periodic GC: Disabled
Heap:
 garbage-first heap   total 284672K, used 135975K [0x0000000080000000, 0x0000000100000000)
  region size 1024K, 47 young (48128K), 16 survivors (16384K)
 Metaspace       used 85110K, committed 86016K, reserved 557056K
  class space    used 11823K, committed 12288K, reserved 425984K
GC Heap History (20 events):
Event: 184.441 GC heap before
{Heap before GC invocations=32 (full 0):
 garbage-first heap   total 117760K, used 94411K [0x0000000080000000, 0x0000000100000000)
  region size 1024K, 30 young (30720K), 3 survivors (3072K)
 Metaspace       used 69685K, committed 70464K, reserved 491520K
  class space    used 9917K, committed 10304K, reserved 425984K
}
Event: 184.449 GC heap after
{Heap after GC invocations=33 (full 0):
 garbage-first heap   total 117760K, used 70394K [0x0000000080000000, 0x0000000100000000)
  region size 1024K, 3 young (3072K), 3 survivors (3072K)
 Metaspace       used 69685K, committed 70464K, reserved 491520K
  class space    used 9917K, committed 10304K, reserved 425984K
}
Event: 184.467 GC heap before
{Heap before GC invocations=33 (full 0):
 garbage-first heap   total 117760K, used 72442K [0x0000000080000000, 0x0000000100000000)
  region size 1024K, 5 young (5120K), 3 survivors (3072K)
 Metaspace       used 69688K, committed 70464K, reserved 491520K
  class space    used 9917K, committed 10304K, reserved 425984K
}
Event: 184.473 GC heap after
{Heap after GC invocations=34 (full 0):
 garbage-first heap   total 117760K, used 70593K [0x0000000080000000, 0x0000000100000000)
  region size 1024K, 1 young (1024K), 1 survivors (1024K)
 Metaspace       used 69688K, committed 70464K, reserved 491520K
  class space    used 9917K, committed 10304K, reserved 425984K
}
Event: 185.156 GC heap before
{Heap before GC invocations=34 (full 0):
 garbage-first heap   total 117760K, used 96193K [0x0000000080000000, 0x0000000100000000)
  region size 1024K, 27 young (27648K), 1 survivors (1024K)
 Metaspace       used 70892K, committed 71744K, reserved 491520K
  class space    used 10076K, committed 10496K, reserved 425984K
}
Event: 185.164 GC heap after
{Heap after GC invocations=35 (full 0):
 garbage-first heap   total 117760K, used 74471K [0x0000000080000000, 0x0000000100000000)
  region size 1024K, 4 young (4096K), 4 survivors (4096K)
 Metaspace       used 70892K, committed 71744K, reserved 491520K
  class space    used 10076K, committed 10496K, reserved 425984K
}
Event: 189.940 GC heap before
{Heap before GC invocations=36 (full 0):
 garbage-first heap   total 133120K, used 94951K [0x0000000080000000, 0x0000000100000000)
  region size 1024K, 25 young (25600K), 4 survivors (4096K)
 Metaspace       used 71379K, committed 72320K, reserved 491520K
  class space    used 10105K, committed 10560K, reserved 425984K
}
Event: 189.951 GC heap after
{Heap after GC invocations=37 (full 0):
 garbage-first heap   total 133120K, used 76010K [0x0000000080000000, 0x0000000100000000)
  region size 1024K, 4 young (4096K), 4 survivors (4096K)
 Metaspace       used 71379K, committed 72320K, reserved 491520K
  class space    used 10105K, committed 10560K, reserved 425984K
}
Event: 190.029 GC heap before
{Heap before GC invocations=37 (full 0):
 garbage-first heap   total 133120K, used 78058K [0x0000000080000000, 0x0000000100000000)
  region size 1024K, 6 young (6144K), 4 survivors (4096K)
 Metaspace       used 71383K, committed 72320K, reserved 491520K
  class space    used 10105K, committed 10560K, reserved 425984K
}
Event: 190.040 GC heap after
{Heap after GC invocations=38 (full 0):
 garbage-first heap   total 133120K, used 75809K [0x0000000080000000, 0x0000000100000000)
  region size 1024K, 1 young (1024K), 1 survivors (1024K)
 Metaspace       used 71383K, committed 72320K, reserved 491520K
  class space    used 10105K, committed 10560K, reserved 425984K
}
Event: 190.963 GC heap before
{Heap before GC invocations=38 (full 0):
 garbage-first heap   total 133120K, used 106529K [0x0000000080000000, 0x0000000100000000)
  region size 1024K, 32 young (32768K), 1 survivors (1024K)
 Metaspace       used 71591K, committed 72512K, reserved 491520K
  class space    used 10106K, committed 10560K, reserved 425984K
}
Event: 190.968 GC heap after
{Heap after GC invocations=39 (full 0):
 garbage-first heap   total 133120K, used 79623K [0x0000000080000000, 0x0000000100000000)
  region size 1024K, 4 young (4096K), 4 survivors (4096K)
 Metaspace       used 71591K, committed 72512K, reserved 491520K
  class space    used 10106K, committed 10560K, reserved 425984K
}
Event: 191.472 GC heap before
{Heap before GC invocations=40 (full 0):
 garbage-first heap   total 142336K, used 108295K [0x0000000080000000, 0x0000000100000000)
  region size 1024K, 33 young (33792K), 4 survivors (4096K)
 Metaspace       used 71623K, committed 72512K, reserved 491520K
  class space    used 10106K, committed 10560K, reserved 425984K
}
Event: 191.479 GC heap after
{Heap after GC invocations=41 (full 0):
 garbage-first heap   total 142336K, used 80809K [0x0000000080000000, 0x0000000100000000)
  region size 1024K, 4 young (4096K), 4 survivors (4096K)
 Metaspace       used 71623K, committed 72512K, reserved 491520K
  class space    used 10106K, committed 10560K, reserved 425984K
}
Event: 191.509 GC heap before
{Heap before GC invocations=41 (full 0):
 garbage-first heap   total 142336K, used 82857K [0x0000000080000000, 0x0000000100000000)
  region size 1024K, 6 young (6144K), 4 survivors (4096K)
 Metaspace       used 71625K, committed 72512K, reserved 491520K
  class space    used 10106K, committed 10560K, reserved 425984K
}
Event: 191.516 GC heap after
{Heap after GC invocations=42 (full 0):
 garbage-first heap   total 284672K, used 80313K [0x0000000080000000, 0x0000000100000000)
  region size 1024K, 1 young (1024K), 1 survivors (1024K)
 Metaspace       used 71625K, committed 72512K, reserved 491520K
  class space    used 10106K, committed 10560K, reserved 425984K
}
Event: 200.461 GC heap before
{Heap before GC invocations=42 (full 0):
 garbage-first heap   total 284672K, used 219577K [0x0000000080000000, 0x0000000100000000)
  region size 1024K, 131 young (134144K), 1 survivors (1024K)
 Metaspace       used 75877K, committed 76736K, reserved 557056K
  class space    used 10589K, committed 11008K, reserved 425984K
}
Event: 200.472 GC heap after
{Heap after GC invocations=43 (full 0):
 garbage-first heap   total 284672K, used 94603K [0x0000000080000000, 0x0000000100000000)
  region size 1024K, 9 young (9216K), 9 survivors (9216K)
 Metaspace       used 75877K, committed 76736K, reserved 557056K
  class space    used 10589K, committed 11008K, reserved 425984K
}
Event: 211.408 GC heap before
{Heap before GC invocations=43 (full 0):
 garbage-first heap   total 284672K, used 227723K [0x0000000080000000, 0x0000000100000000)
  region size 1024K, 132 young (135168K), 9 survivors (9216K)
 Metaspace       used 84238K, committed 85184K, reserved 557056K
  class space    used 11679K, committed 12160K, reserved 425984K
}
Event: 211.422 GC heap after
{Heap after GC invocations=44 (full 0):
 garbage-first heap   total 284672K, used 105255K [0x0000000080000000, 0x0000000100000000)
  region size 1024K, 16 young (16384K), 16 survivors (16384K)
 Metaspace       used 84238K, committed 85184K, reserved 557056K
  class space    used 11679K, committed 12160K, reserved 425984K
}

