# JRE version: Java(TM) SE Runtime Environment (17.0.10+11) (build 17.0.10+11-LTS-240)
# Java VM: Java HotSpot(TM) 64-Bit Server VM (17.0.10+11-LTS-240, mixed mode, sharing, tiered, compressed oops, compressed class ptrs, g1 gc, windows-amd64)
GC Precious Log:
 CPUs: 8 total, 8 available
 Memory: 16198M
 Large Page Support: Disabled
 NUMA Support: Disabled
 Compressed Oops: Enabled (32-bit)
 Heap Region Size: 1M
 Heap Min Capacity: 8M
 Heap Initial Capacity: 254M
 Heap Max Capacity: 2G
 Pre-touch: Disabled
 Parallel Workers: 8
 Concurrent Workers: 2
 Concurrent Refinement Workers: 8
 Periodic GC: Disabled
Heap:
 garbage-first heap   total 201728K, used 83429K [0x0000000080000000, 0x0000000100000000)
  region size 1024K, 3 young (3072K), 2 survivors (2048K)
 Metaspace       used 71726K, committed 72576K, reserved 491520K
  class space    used 10107K, committed 10496K, reserved 425984K
GC Heap History (20 events):
Event: 171.708 GC heap before
{Heap before GC invocations=23 (full 0):
 garbage-first heap   total 106496K, used 86907K [0x0000000080000000, 0x0000000100000000)
  region size 1024K, 29 young (29696K), 2 survivors (2048K)
 Metaspace       used 63820K, committed 64448K, reserved 491520K
  class space    used 9020K, committed 9344K, reserved 425984K
}
Event: 171.713 GC heap after
{Heap after GC invocations=24 (full 0):
 garbage-first heap   total 106496K, used 61686K [0x0000000080000000, 0x0000000100000000)
  region size 1024K, 3 young (3072K), 3 survivors (3072K)
 Metaspace       used 63820K, committed 64448K, reserved 491520K
  class space    used 9020K, committed 9344K, reserved 425984K
}
Event: 173.219 GC heap before
{Heap before GC invocations=25 (full 0):
 garbage-first heap   total 109568K, used 88310K [0x0000000080000000, 0x0000000100000000)
  region size 1024K, 29 young (29696K), 3 survivors (3072K)
 Metaspace       used 64395K, committed 65088K, reserved 491520K
  class space    used 9083K, committed 9408K, reserved 425984K
}
Event: 173.229 GC heap after
{Heap after GC invocations=26 (full 0):
 garbage-first heap   total 109568K, used 65643K [0x0000000080000000, 0x0000000100000000)
  region size 1024K, 4 young (4096K), 4 survivors (4096K)
 Metaspace       used 64395K, committed 65088K, reserved 491520K
  class space    used 9083K, committed 9408K, reserved 425984K
}
Event: 174.101 GC heap before
{Heap before GC invocations=26 (full 0):
 garbage-first heap   total 109568K, used 90219K [0x0000000080000000, 0x0000000100000000)
  region size 1024K, 28 young (28672K), 4 survivors (4096K)
 Metaspace       used 66297K, committed 67008K, reserved 491520K
  class space    used 9357K, committed 9664K, reserved 425984K
}
Event: 174.110 GC heap after
{Heap after GC invocations=27 (full 0):
 garbage-first heap   total 109568K, used 66766K [0x0000000080000000, 0x0000000100000000)
  region size 1024K, 2 young (2048K), 2 survivors (2048K)
 Metaspace       used 66297K, committed 67008K, reserved 491520K
  class space    used 9357K, committed 9664K, reserved 425984K
}
Event: 174.992 GC heap before
{Heap before GC invocations=28 (full 0):
 garbage-first heap   total 119808K, used 89294K [0x0000000080000000, 0x0000000100000000)
  region size 1024K, 24 young (24576K), 2 survivors (2048K)
 Metaspace       used 67833K, committed 68608K, reserved 491520K
  class space    used 9570K, committed 9920K, reserved 425984K
}
Event: 174.999 GC heap after
{Heap after GC invocations=29 (full 0):
 garbage-first heap   total 119808K, used 69131K [0x0000000080000000, 0x0000000100000000)
  region size 1024K, 3 young (3072K), 3 survivors (3072K)
 Metaspace       used 67833K, committed 68608K, reserved 491520K
  class space    used 9570K, committed 9920K, reserved 425984K
}
Event: 175.070 GC heap before
{Heap before GC invocations=29 (full 0):
 garbage-first heap   total 119808K, used 71179K [0x0000000080000000, 0x0000000100000000)
  region size 1024K, 5 young (5120K), 3 survivors (3072K)
 Metaspace       used 68115K, committed 68928K, reserved 491520K
  class space    used 9628K, committed 10048K, reserved 425984K
}
Event: 175.077 GC heap after
{Heap after GC invocations=30 (full 0):
 garbage-first heap   total 119808K, used 68706K [0x0000000080000000, 0x0000000100000000)
  region size 1024K, 1 young (1024K), 1 survivors (1024K)
 Metaspace       used 68115K, committed 68928K, reserved 491520K
  class space    used 9628K, committed 10048K, reserved 425984K
}
Event: 175.982 GC heap before
{Heap before GC invocations=30 (full 0):
 garbage-first heap   total 119808K, used 97378K [0x0000000080000000, 0x0000000100000000)
  region size 1024K, 30 young (30720K), 1 survivors (1024K)
 Metaspace       used 69705K, committed 70528K, reserved 491520K
  class space    used 9919K, committed 10304K, reserved 425984K
}
Event: 175.991 GC heap after
{Heap after GC invocations=31 (full 0):
 garbage-first heap   total 119808K, used 73247K [0x0000000080000000, 0x0000000100000000)
  region size 1024K, 4 young (4096K), 4 survivors (4096K)
 Metaspace       used 69705K, committed 70528K, reserved 491520K
  class space    used 9919K, committed 10304K, reserved 425984K
}
Event: 176.595 GC heap before
{Heap before GC invocations=32 (full 0):
 garbage-first heap   total 135168K, used 94751K [0x0000000080000000, 0x0000000100000000)
  region size 1024K, 26 young (26624K), 4 survivors (4096K)
 Metaspace       used 70818K, committed 71552K, reserved 491520K
  class space    used 10069K, committed 10432K, reserved 425984K
}
Event: 176.605 GC heap after
{Heap after GC invocations=33 (full 0):
 garbage-first heap   total 135168K, used 76052K [0x0000000080000000, 0x0000000100000000)
  region size 1024K, 4 young (4096K), 4 survivors (4096K)
 Metaspace       used 70818K, committed 71552K, reserved 491520K
  class space    used 10069K, committed 10432K, reserved 425984K
}
Event: 176.690 GC heap before
{Heap before GC invocations=33 (full 0):
 garbage-first heap   total 135168K, used 78100K [0x0000000080000000, 0x0000000100000000)
  region size 1024K, 6 young (6144K), 4 survivors (4096K)
 Metaspace       used 70913K, committed 71744K, reserved 491520K
  class space    used 10078K, committed 10496K, reserved 425984K
}
Event: 176.697 GC heap after
{Heap after GC invocations=34 (full 0):
 garbage-first heap   total 135168K, used 75639K [0x0000000080000000, 0x0000000100000000)
  region size 1024K, 1 young (1024K), 1 survivors (1024K)
 Metaspace       used 70913K, committed 71744K, reserved 491520K
  class space    used 10078K, committed 10496K, reserved 425984K
}
Event: 198.568 GC heap before
{Heap before GC invocations=34 (full 0):
 garbage-first heap   total 135168K, used 107383K [0x0000000080000000, 0x0000000100000000)
  region size 1024K, 33 young (33792K), 1 survivors (1024K)
 Metaspace       used 71576K, committed 72384K, reserved 491520K
  class space    used 10105K, committed 10496K, reserved 425984K
}
Event: 198.582 GC heap after
{Heap after GC invocations=35 (full 0):
 garbage-first heap   total 201728K, used 80573K [0x0000000080000000, 0x0000000100000000)
  region size 1024K, 5 young (5120K), 5 survivors (5120K)
 Metaspace       used 71576K, committed 72384K, reserved 491520K
  class space    used 10105K, committed 10496K, reserved 425984K
}
Event: 201.435 GC heap before
{Heap before GC invocations=36 (full 0):
 garbage-first heap   total 201728K, used 153277K [0x0000000080000000, 0x0000000100000000)
  region size 1024K, 77 young (78848K), 5 survivors (5120K)
 Metaspace       used 71726K, committed 72576K, reserved 491520K
  class space    used 10107K, committed 10496K, reserved 425984K
}
Event: 201.448 GC heap after
{Heap after GC invocations=37 (full 0):
 garbage-first heap   total 201728K, used 84241K [0x0000000080000000, 0x0000000100000000)
  region size 1024K, 9 young (9216K), 9 survivors (9216K)
 Metaspace       used 71726K, committed 72576K, reserved 491520K
  class space    used 10107K, committed 10496K, reserved 425984K
}

